<?xml version="1.0" encoding="UTF-8"?>
<!-- Generated by org.testng.reporters.JUnitReportReporter -->
<testsuite skipped="0" hostname="kaancakmak" name="cucumber_options.TestRunner" tests="1" failures="0" timestamp="2020-07-06T03:20:21 EET" time="65.199" errors="0">
  <testcase name="feature" time="65.199" classname="cucumber_options.TestRunner"/>
</testsuite> <!-- cucumber_options.TestRunner -->
